  cGameStuVer.cpp
  Project.vcxproj -> C:\Users\rikou\source\repos\Project\Debug\Project.exe
  copying SDL2.dll to debug directory
  File not found - *.*
  0 File(s) copied
  0 File(s) copied
  SDL2\SDL2-2.0.4\lib\x86\SDL2.dll
  1 File(s) copied
  SDL2\SDL2_image-2.0.1\lib\x86\libjpeg-9.dll
  SDL2\SDL2_image-2.0.1\lib\x86\libpng16-16.dll
  SDL2\SDL2_image-2.0.1\lib\x86\libtiff-5.dll
  SDL2\SDL2_image-2.0.1\lib\x86\libwebp-4.dll
  SDL2\SDL2_image-2.0.1\lib\x86\SDL2_image.dll
  SDL2\SDL2_image-2.0.1\lib\x86\zlib1.dll
  6 File(s) copied
  SDL2\SDL2_ttf-2.0.14\lib\x86\libfreetype-6.dll
  SDL2\SDL2_ttf-2.0.14\lib\x86\SDL2_ttf.dll
  SDL2\SDL2_ttf-2.0.14\lib\x86\zlib1.dll
  3 File(s) copied
  SDL2\SDL2_mixer-2.0.1\lib\x86\libFLAC-8.dll
  SDL2\SDL2_mixer-2.0.1\lib\x86\libmodplug-1.dll
  SDL2\SDL2_mixer-2.0.1\lib\x86\libogg-0.dll
  SDL2\SDL2_mixer-2.0.1\lib\x86\libvorbis-0.dll
  SDL2\SDL2_mixer-2.0.1\lib\x86\libvorbisfile-3.dll
  SDL2\SDL2_mixer-2.0.1\lib\x86\SDL2_mixer.dll
  SDL2\SDL2_mixer-2.0.1\lib\x86\smpeg2.dll
  7 File(s) copied
